<!DOCTYPE html>
<html>
<head>
    <title>Automation Test Results</title>
    <meta charset="utf-8">
    <meta name="viewport" content="width=device-width, initial-scale=1.0">
    <link rel="stylesheet" href="https://maxcdn.bootstrapcdn.com/bootstrap/3.3.6/css/bootstrap.min.css" integrity="sha384-1q8mTJOASx8j1Au+a5WDVnPi2lkFfwwEAa8hDDdjZlpLegxhjVME1fgjWPGmkzs7" crossorigin="anonymous">
</head>
<body>
    <div class="container">
        <div class="row">
            <div class="col-xs-12">
                <h2 class="text-capitalize">Automation Test Results</h2>
                <p class='attribute'><strong>Start Time: </strong>2022-11-09 12:11:55</p>
                <p class='attribute'><strong>Duration: </strong>116.04 s</p>
                <p class='attribute'><strong>Summary: </strong>Total: 4, Pass: 0, Error: 4</p>
            </div>
        </div>
        <div class="row">
            <div class="col-xs-12 col-sm-10 col-md-10">
                <table class='table table-hover table-responsive'>
                    <thead>
                        <tr>
                            <th>FavConfigTestcase.Automation</th>
                            <th>Status</th>
                            <th></th>
                        </tr>
                    </thead>
                    <tbody>
                        <tr class='warning'>
                            <td class="col-xs-10">test_001_login</td>
                            <td class="col-xs-1">
                                <span class="label label-warning" style="display:block;width:40px;">Error</span>
                            </td>
                            <td class="col-xs-1">
                                <button class="btn btn-default btn-xs">View</button>
                            </td>
                        </tr>
                        <tr style="display:none;">
                            <td class="col-xs-9" colspan="3"><p style="color:maroon;">ElementNotInteractableException: Message: element not interactable: https://sandbox.webcomcpq.com/QUOTATION/LOADQUOTE.ASPX?Tab=1#AllQuotes has no size and location
  (Session info: MicrosoftEdge=107.0.1418.35)
Stacktrace:
Backtrace:
	Microsoft::Applications::Events::EventProperties::SetProperty [0x00007FF7CAC1F0E2+15282]
	Microsoft::Applications::Events::EventProperty::EventProperty [0x00007FF7CABBC7E2+1461602]
	Ordinal0 [0x00007FF7CA7DC8A5+641189]
	Ordinal0 [0x00007FF7CA7E00CB+655563]
	Ordinal0 [0x00007FF7CA7DFE4C+654924]
	Ordinal0 [0x00007FF7CA7E0200+655872]
	Ordinal0 [0x00007FF7CA822E3F+929343]
	Ordinal0 [0x00007FF7CA822129+925993]
	Ordinal0 [0x00007FF7CA85DAE9+1170153]
	Ordinal0 [0x00007FF7CA8388DA+1018074]
	Ordinal0 [0x00007FF7CA8511F9+1118713]
	Ordinal0 [0x00007FF7CA8386F3+1017587]
	Ordinal0 [0x00007FF7CA80D104+839940]
	Ordinal0 [0x00007FF7CA80E76F+845679]
	Microsoft::Applications::Events::EventProperty::EventProperty [0x00007FF7CAA78A28+135080]
	Microsoft::Applications::Events::EventProperty::EventProperty [0x00007FF7CAA62888+44552]
	Microsoft::Applications::Events::EventProperty::EventProperty [0x00007FF7CAA657CC+56652]
	Ordinal0 [0x00007FF7CA8CA764+1615716]
	Microsoft::Applications::Events::EventProperty::EventProperty [0x00007FF7CABC1D49+1483465]
	Microsoft::Applications::Events::EventProperty::EventProperty [0x00007FF7CABC5C04+1499524]
	Microsoft::Applications::Events::EventProperty::EventProperty [0x00007FF7CABC5D5D+1499869]
	Microsoft::Applications::Events::EventProperty::EventProperty [0x00007FF7CABCD626+1530790]
	BaseThreadInitThunk [0x00007FFEE7C154E0+16]
	RtlUserThreadStart [0x00007FFEE88A485B+43]
</p><p style="color:maroon;">Traceback (most recent call last):
  File "c:\Users\thiruvenkhadan palan\Documents\Automation\Selenium Automation\FavConfigTestcase.py", line 55, in test_001_login
    ActionChains(self.driver).move_to_element(allquotes).click(allquotes).perform()
  File "C:\Users\thiruvenkhadan palan\AppData\Roaming\Python\Python39\site-packages\selenium\webdriver\common\action_chains.py", line 78, in perform
    self.w3c_actions.perform()
  File "C:\Users\thiruvenkhadan palan\AppData\Roaming\Python\Python39\site-packages\selenium\webdriver\common\actions\action_builder.py", line 88, in perform
    self.driver.execute(Command.W3C_ACTIONS, enc)
  File "C:\Users\thiruvenkhadan palan\AppData\Roaming\Python\Python39\site-packages\selenium\webdriver\remote\webdriver.py", line 429, in execute
    self.error_handler.check_response(response)
  File "C:\Users\thiruvenkhadan palan\AppData\Roaming\Python\Python39\site-packages\selenium\webdriver\remote\errorhandler.py", line 243, in check_response
    raise exception_class(message, screen, stacktrace)
selenium.common.exceptions.ElementNotInteractableException: Message: element not interactable: https://sandbox.webcomcpq.com/QUOTATION/LOADQUOTE.ASPX?Tab=1#AllQuotes has no size and location
  (Session info: MicrosoftEdge=107.0.1418.35)
Stacktrace:
Backtrace:
	Microsoft::Applications::Events::EventProperties::SetProperty [0x00007FF7CAC1F0E2+15282]
	Microsoft::Applications::Events::EventProperty::EventProperty [0x00007FF7CABBC7E2+1461602]
	Ordinal0 [0x00007FF7CA7DC8A5+641189]
	Ordinal0 [0x00007FF7CA7E00CB+655563]
	Ordinal0 [0x00007FF7CA7DFE4C+654924]
	Ordinal0 [0x00007FF7CA7E0200+655872]
	Ordinal0 [0x00007FF7CA822E3F+929343]
	Ordinal0 [0x00007FF7CA822129+925993]
	Ordinal0 [0x00007FF7CA85DAE9+1170153]
	Ordinal0 [0x00007FF7CA8388DA+1018074]
	Ordinal0 [0x00007FF7CA8511F9+1118713]
	Ordinal0 [0x00007FF7CA8386F3+1017587]
	Ordinal0 [0x00007FF7CA80D104+839940]
	Ordinal0 [0x00007FF7CA80E76F+845679]
	Microsoft::Applications::Events::EventProperty::EventProperty [0x00007FF7CAA78A28+135080]
	Microsoft::Applications::Events::EventProperty::EventProperty [0x00007FF7CAA62888+44552]
	Microsoft::Applications::Events::EventProperty::EventProperty [0x00007FF7CAA657CC+56652]
	Ordinal0 [0x00007FF7CA8CA764+1615716]
	Microsoft::Applications::Events::EventProperty::EventProperty [0x00007FF7CABC1D49+1483465]
	Microsoft::Applications::Events::EventProperty::EventProperty [0x00007FF7CABC5C04+1499524]
	Microsoft::Applications::Events::EventProperty::EventProperty [0x00007FF7CABC5D5D+1499869]
	Microsoft::Applications::Events::EventProperty::EventProperty [0x00007FF7CABCD626+1530790]
	BaseThreadInitThunk [0x00007FFEE7C154E0+16]
	RtlUserThreadStart [0x00007FFEE88A485B+43]

</p>
                            </td>
                        </tr>
                        <tr class='warning'>
                            <td class="col-xs-10">test_002_addincompleteProd</td>
                            <td class="col-xs-1">
                                <span class="label label-warning" style="display:block;width:40px;">Error</span>
                            </td>
                            <td class="col-xs-1">
                                <button class="btn btn-default btn-xs">View</button>
                            </td>
                        </tr>
                        <tr style="display:none;">
                            <td class="col-xs-9" colspan="3"><p style="color:maroon;">NoSuchElementException: Message: no such element: Unable to locate element: {"method":"xpath","selector":"//*[@id="addproducts"]"}
  (Session info: MicrosoftEdge=107.0.1418.35)
Stacktrace:
Backtrace:
	Microsoft::Applications::Events::EventProperties::SetProperty [0x00007FF7CAC1F0E2+15282]
	Microsoft::Applications::Events::EventProperty::EventProperty [0x00007FF7CABBC7E2+1461602]
	Ordinal0 [0x00007FF7CA7DC8A5+641189]
	Ordinal0 [0x00007FF7CA81B6B7+898743]
	Ordinal0 [0x00007FF7CA81BAAC+899756]
	Ordinal0 [0x00007FF7CA853DD7+1129943]
	Ordinal0 [0x00007FF7CA83891F+1018143]
	Ordinal0 [0x00007FF7CA8511F9+1118713]
	Ordinal0 [0x00007FF7CA8386F3+1017587]
	Ordinal0 [0x00007FF7CA80D104+839940]
	Ordinal0 [0x00007FF7CA80E76F+845679]
	Microsoft::Applications::Events::EventProperty::EventProperty [0x00007FF7CAA78A28+135080]
	Microsoft::Applications::Events::EventProperty::EventProperty [0x00007FF7CAA62888+44552]
	Microsoft::Applications::Events::EventProperty::EventProperty [0x00007FF7CAA657CC+56652]
	Ordinal0 [0x00007FF7CA8CA764+1615716]
	Microsoft::Applications::Events::EventProperty::EventProperty [0x00007FF7CABC1D49+1483465]
	Microsoft::Applications::Events::EventProperty::EventProperty [0x00007FF7CABC5C04+1499524]
	Microsoft::Applications::Events::EventProperty::EventProperty [0x00007FF7CABC5D5D+1499869]
	Microsoft::Applications::Events::EventProperty::EventProperty [0x00007FF7CABCD626+1530790]
	BaseThreadInitThunk [0x00007FFEE7C154E0+16]
	RtlUserThreadStart [0x00007FFEE88A485B+43]
</p><p style="color:maroon;">Traceback (most recent call last):
  File "c:\Users\thiruvenkhadan palan\Documents\Automation\Selenium Automation\FavConfigTestcase.py", line 80, in test_002_addincompleteProd
    addproduct = driver.find_element(By.XPATH,'//*[@id="addproducts"]')
  File "C:\Users\thiruvenkhadan palan\AppData\Roaming\Python\Python39\site-packages\selenium\webdriver\remote\webdriver.py", line 856, in find_element
    return self.execute(Command.FIND_ELEMENT, {
  File "C:\Users\thiruvenkhadan palan\AppData\Roaming\Python\Python39\site-packages\selenium\webdriver\remote\webdriver.py", line 429, in execute
    self.error_handler.check_response(response)
  File "C:\Users\thiruvenkhadan palan\AppData\Roaming\Python\Python39\site-packages\selenium\webdriver\remote\errorhandler.py", line 243, in check_response
    raise exception_class(message, screen, stacktrace)
selenium.common.exceptions.NoSuchElementException: Message: no such element: Unable to locate element: {"method":"xpath","selector":"//*[@id="addproducts"]"}
  (Session info: MicrosoftEdge=107.0.1418.35)
Stacktrace:
Backtrace:
	Microsoft::Applications::Events::EventProperties::SetProperty [0x00007FF7CAC1F0E2+15282]
	Microsoft::Applications::Events::EventProperty::EventProperty [0x00007FF7CABBC7E2+1461602]
	Ordinal0 [0x00007FF7CA7DC8A5+641189]
	Ordinal0 [0x00007FF7CA81B6B7+898743]
	Ordinal0 [0x00007FF7CA81BAAC+899756]
	Ordinal0 [0x00007FF7CA853DD7+1129943]
	Ordinal0 [0x00007FF7CA83891F+1018143]
	Ordinal0 [0x00007FF7CA8511F9+1118713]
	Ordinal0 [0x00007FF7CA8386F3+1017587]
	Ordinal0 [0x00007FF7CA80D104+839940]
	Ordinal0 [0x00007FF7CA80E76F+845679]
	Microsoft::Applications::Events::EventProperty::EventProperty [0x00007FF7CAA78A28+135080]
	Microsoft::Applications::Events::EventProperty::EventProperty [0x00007FF7CAA62888+44552]
	Microsoft::Applications::Events::EventProperty::EventProperty [0x00007FF7CAA657CC+56652]
	Ordinal0 [0x00007FF7CA8CA764+1615716]
	Microsoft::Applications::Events::EventProperty::EventProperty [0x00007FF7CABC1D49+1483465]
	Microsoft::Applications::Events::EventProperty::EventProperty [0x00007FF7CABC5C04+1499524]
	Microsoft::Applications::Events::EventProperty::EventProperty [0x00007FF7CABC5D5D+1499869]
	Microsoft::Applications::Events::EventProperty::EventProperty [0x00007FF7CABCD626+1530790]
	BaseThreadInitThunk [0x00007FFEE7C154E0+16]
	RtlUserThreadStart [0x00007FFEE88A485B+43]

</p>
                            </td>
                        </tr>
                        <tr class='warning'>
                            <td class="col-xs-10">test_003_addCompleteProd</td>
                            <td class="col-xs-1">
                                <span class="label label-warning" style="display:block;width:40px;">Error</span>
                            </td>
                            <td class="col-xs-1">
                                <button class="btn btn-default btn-xs">View</button>
                            </td>
                        </tr>
                        <tr style="display:none;">
                            <td class="col-xs-9" colspan="3"><p style="color:maroon;">NoSuchWindowException: Message: no such window: target window already closed
from unknown error: web view not found
  (Session info: MicrosoftEdge=107.0.1418.35)
Stacktrace:
Backtrace:
	Microsoft::Applications::Events::EventProperties::SetProperty [0x00007FF7CAC1F0E2+15282]
	Microsoft::Applications::Events::EventProperty::EventProperty [0x00007FF7CABBC7E2+1461602]
	Ordinal0 [0x00007FF7CA7DC8A5+641189]
	Ordinal0 [0x00007FF7CA7BB16B+504171]
	Ordinal0 [0x00007FF7CA83BF9C+1032092]
	Ordinal0 [0x00007FF7CA850752+1115986]
	Ordinal0 [0x00007FF7CA8386F3+1017587]
	Ordinal0 [0x00007FF7CA80D104+839940]
	Ordinal0 [0x00007FF7CA80E76F+845679]
	Microsoft::Applications::Events::EventProperty::EventProperty [0x00007FF7CAA78A28+135080]
	Microsoft::Applications::Events::EventProperty::EventProperty [0x00007FF7CAA62888+44552]
	Microsoft::Applications::Events::EventProperty::EventProperty [0x00007FF7CAA657CC+56652]
	Ordinal0 [0x00007FF7CA8CA764+1615716]
	Microsoft::Applications::Events::EventProperty::EventProperty [0x00007FF7CABC1D49+1483465]
	Microsoft::Applications::Events::EventProperty::EventProperty [0x00007FF7CABC5C04+1499524]
	Microsoft::Applications::Events::EventProperty::EventProperty [0x00007FF7CABC5D5D+1499869]
	Microsoft::Applications::Events::EventProperty::EventProperty [0x00007FF7CABCD626+1530790]
	BaseThreadInitThunk [0x00007FFEE7C154E0+16]
	RtlUserThreadStart [0x00007FFEE88A485B+43]
</p><p style="color:maroon;">Traceback (most recent call last):
  File "c:\Users\thiruvenkhadan palan\Documents\Automation\Selenium Automation\FavConfigTestcase.py", line 114, in test_003_addCompleteProd
    WebDriverWait(driver, 3600).until(EC.element_to_be_clickable((By.XPATH, '(//span[contains(text(),"G4513A")])[1]')))
  File "C:\Users\thiruvenkhadan palan\AppData\Roaming\Python\Python39\site-packages\selenium\webdriver\support\wait.py", line 81, in until
    value = method(self._driver)
  File "C:\Users\thiruvenkhadan palan\AppData\Roaming\Python\Python39\site-packages\selenium\webdriver\support\expected_conditions.py", line 312, in _predicate
    target = driver.find_element(*target)  # grab element at locator
  File "C:\Users\thiruvenkhadan palan\AppData\Roaming\Python\Python39\site-packages\selenium\webdriver\remote\webdriver.py", line 856, in find_element
    return self.execute(Command.FIND_ELEMENT, {
  File "C:\Users\thiruvenkhadan palan\AppData\Roaming\Python\Python39\site-packages\selenium\webdriver\remote\webdriver.py", line 429, in execute
    self.error_handler.check_response(response)
  File "C:\Users\thiruvenkhadan palan\AppData\Roaming\Python\Python39\site-packages\selenium\webdriver\remote\errorhandler.py", line 243, in check_response
    raise exception_class(message, screen, stacktrace)
selenium.common.exceptions.NoSuchWindowException: Message: no such window: target window already closed
from unknown error: web view not found
  (Session info: MicrosoftEdge=107.0.1418.35)
Stacktrace:
Backtrace:
	Microsoft::Applications::Events::EventProperties::SetProperty [0x00007FF7CAC1F0E2+15282]
	Microsoft::Applications::Events::EventProperty::EventProperty [0x00007FF7CABBC7E2+1461602]
	Ordinal0 [0x00007FF7CA7DC8A5+641189]
	Ordinal0 [0x00007FF7CA7BB16B+504171]
	Ordinal0 [0x00007FF7CA83BF9C+1032092]
	Ordinal0 [0x00007FF7CA850752+1115986]
	Ordinal0 [0x00007FF7CA8386F3+1017587]
	Ordinal0 [0x00007FF7CA80D104+839940]
	Ordinal0 [0x00007FF7CA80E76F+845679]
	Microsoft::Applications::Events::EventProperty::EventProperty [0x00007FF7CAA78A28+135080]
	Microsoft::Applications::Events::EventProperty::EventProperty [0x00007FF7CAA62888+44552]
	Microsoft::Applications::Events::EventProperty::EventProperty [0x00007FF7CAA657CC+56652]
	Ordinal0 [0x00007FF7CA8CA764+1615716]
	Microsoft::Applications::Events::EventProperty::EventProperty [0x00007FF7CABC1D49+1483465]
	Microsoft::Applications::Events::EventProperty::EventProperty [0x00007FF7CABC5C04+1499524]
	Microsoft::Applications::Events::EventProperty::EventProperty [0x00007FF7CABC5D5D+1499869]
	Microsoft::Applications::Events::EventProperty::EventProperty [0x00007FF7CABCD626+1530790]
	BaseThreadInitThunk [0x00007FFEE7C154E0+16]
	RtlUserThreadStart [0x00007FFEE88A485B+43]

</p>
                            </td>
                        </tr>
                        <tr class='warning'>
                            <td class="col-xs-10">test_004_SavingProdFromFav</td>
                            <td class="col-xs-1">
                                <span class="label label-warning" style="display:block;width:40px;">Error</span>
                            </td>
                            <td class="col-xs-1">
                                <button class="btn btn-default btn-xs">View</button>
                            </td>
                        </tr>
                        <tr style="display:none;">
                            <td class="col-xs-9" colspan="3"><p style="color:maroon;">NoSuchWindowException: Message: no such window: target window already closed
from unknown error: web view not found
  (Session info: MicrosoftEdge=107.0.1418.35)
Stacktrace:
Backtrace:
	Microsoft::Applications::Events::EventProperties::SetProperty [0x00007FF7CAC1F0E2+15282]
	Microsoft::Applications::Events::EventProperty::EventProperty [0x00007FF7CABBC7E2+1461602]
	Ordinal0 [0x00007FF7CA7DC8A5+641189]
	Ordinal0 [0x00007FF7CA7BB16B+504171]
	Ordinal0 [0x00007FF7CA83BF9C+1032092]
	Ordinal0 [0x00007FF7CA850752+1115986]
	Ordinal0 [0x00007FF7CA8386F3+1017587]
	Ordinal0 [0x00007FF7CA80D104+839940]
	Ordinal0 [0x00007FF7CA80E76F+845679]
	Microsoft::Applications::Events::EventProperty::EventProperty [0x00007FF7CAA78A28+135080]
	Microsoft::Applications::Events::EventProperty::EventProperty [0x00007FF7CAA62888+44552]
	Microsoft::Applications::Events::EventProperty::EventProperty [0x00007FF7CAA657CC+56652]
	Ordinal0 [0x00007FF7CA8CA764+1615716]
	Microsoft::Applications::Events::EventProperty::EventProperty [0x00007FF7CABC1D49+1483465]
	Microsoft::Applications::Events::EventProperty::EventProperty [0x00007FF7CABC5C04+1499524]
	Microsoft::Applications::Events::EventProperty::EventProperty [0x00007FF7CABC5D5D+1499869]
	Microsoft::Applications::Events::EventProperty::EventProperty [0x00007FF7CABCD626+1530790]
	BaseThreadInitThunk [0x00007FFEE7C154E0+16]
	RtlUserThreadStart [0x00007FFEE88A485B+43]
</p><p style="color:maroon;">Traceback (most recent call last):
  File "c:\Users\thiruvenkhadan palan\Documents\Automation\Selenium Automation\FavConfigTestcase.py", line 140, in test_004_SavingProdFromFav
    addproduct3 = driver.find_element(By.XPATH,'//*[@id="addproducts"]')
  File "C:\Users\thiruvenkhadan palan\AppData\Roaming\Python\Python39\site-packages\selenium\webdriver\remote\webdriver.py", line 856, in find_element
    return self.execute(Command.FIND_ELEMENT, {
  File "C:\Users\thiruvenkhadan palan\AppData\Roaming\Python\Python39\site-packages\selenium\webdriver\remote\webdriver.py", line 429, in execute
    self.error_handler.check_response(response)
  File "C:\Users\thiruvenkhadan palan\AppData\Roaming\Python\Python39\site-packages\selenium\webdriver\remote\errorhandler.py", line 243, in check_response
    raise exception_class(message, screen, stacktrace)
selenium.common.exceptions.NoSuchWindowException: Message: no such window: target window already closed
from unknown error: web view not found
  (Session info: MicrosoftEdge=107.0.1418.35)
Stacktrace:
Backtrace:
	Microsoft::Applications::Events::EventProperties::SetProperty [0x00007FF7CAC1F0E2+15282]
	Microsoft::Applications::Events::EventProperty::EventProperty [0x00007FF7CABBC7E2+1461602]
	Ordinal0 [0x00007FF7CA7DC8A5+641189]
	Ordinal0 [0x00007FF7CA7BB16B+504171]
	Ordinal0 [0x00007FF7CA83BF9C+1032092]
	Ordinal0 [0x00007FF7CA850752+1115986]
	Ordinal0 [0x00007FF7CA8386F3+1017587]
	Ordinal0 [0x00007FF7CA80D104+839940]
	Ordinal0 [0x00007FF7CA80E76F+845679]
	Microsoft::Applications::Events::EventProperty::EventProperty [0x00007FF7CAA78A28+135080]
	Microsoft::Applications::Events::EventProperty::EventProperty [0x00007FF7CAA62888+44552]
	Microsoft::Applications::Events::EventProperty::EventProperty [0x00007FF7CAA657CC+56652]
	Ordinal0 [0x00007FF7CA8CA764+1615716]
	Microsoft::Applications::Events::EventProperty::EventProperty [0x00007FF7CABC1D49+1483465]
	Microsoft::Applications::Events::EventProperty::EventProperty [0x00007FF7CABC5C04+1499524]
	Microsoft::Applications::Events::EventProperty::EventProperty [0x00007FF7CABC5D5D+1499869]
	Microsoft::Applications::Events::EventProperty::EventProperty [0x00007FF7CABCD626+1530790]
	BaseThreadInitThunk [0x00007FFEE7C154E0+16]
	RtlUserThreadStart [0x00007FFEE88A485B+43]

</p>
                            </td>
                        </tr>
                        <tr>
                            <td colspan="3">
                                Total: 4, Pass: 0, Error: 4 -- Duration: 116.04 s
                            </td>
                        </tr>
                    </tbody>
                </table>
            </div>
        </div>
    </div>
    <script src="https://ajax.googleapis.com/ajax/libs/jquery/2.2.4/jquery.min.js"></script>
    <script type="text/javascript">
        $(document).ready(function(){
            $('td').on('click', '.btn', function(e){
                e.preventDefault();
                e.stopImmediatePropagation();
                var $this = $(this);
                var $nextRow = $this.closest('tr').next('tr');
                $nextRow.slideToggle("fast");
                $this.text(function(i, text){
                    if (text === 'View') {
                        return 'Hide';
                    } else {
                        return 'View';
                    };
                });
            });
        });
    </script>
</body>
</html